<?xml version="1.0" encoding="utf-8"?><testsuites name="pytest tests"><testsuite name="pytest" errors="0" failures="0" skipped="0" tests="5" time="5.700" timestamp="2025-06-27T10:45:29.011970+00:00" hostname="ip-172-31-18-247"><testcase classname="test.integration.todoApiTest.TestApi" name="test_api_addtodo" time="0.944" /><testcase classname="test.integration.todoApiTest.TestApi" name="test_api_deletetodo" time="1.143" /><testcase classname="test.integration.todoApiTest.TestApi" name="test_api_gettodo" time="1.069" /><testcase classname="test.integration.todoApiTest.TestApi" name="test_api_listtodos" time="0.857" /><testcase classname="test.integration.todoApiTest.TestApi" name="test_api_updatetodo" time="1.553" /></testsuite></testsuites>